<?xml version="1.0" encoding="UTF-8"?>
<!-- Generated by org.testng.reporters.JUnitXMLReporter -->
<testsuite ignored="0" hostname="DESKTOP-FU0KU9U" failures="0" tests="3" name="Command line test" time="45.104" errors="0" timestamp="2021-07-09T15:09:00 PDT">
  <testcase classname="com.sdet.AppTest" name="testlogin1" time="0.035"/>
  <testcase classname="com.sdet.AppTest" name="testlogin2" time="0.0"/>
  <testcase classname="com.sdet.TC_Login" name="login_Test" time="44.954"/>
</testsuite> <!-- Command line test -->
