<?xml version="1.0" encoding="UTF-8"?>
<testng-results ignored="0" total="3" passed="3" failed="0" skipped="0">
  <reporter-output>
  </reporter-output>
  <suite started-at="2021-07-09T21:04:05 PDT" name="Suite" finished-at="2021-07-09T21:04:29 PDT" duration-ms="24301">
    <groups>
    </groups>
    <test started-at="2021-07-09T21:04:05 PDT" name="Test" finished-at="2021-07-09T21:04:29 PDT" duration-ms="24301">
      <class name="com.sdet.AppTest">
        <test-method signature="testlogin1()[pri:0, instance:com.sdet.AppTest@50a638b5]" started-at="2021-07-09T21:04:05 PDT" name="testlogin1" finished-at="2021-07-09T21:04:05 PDT" duration-ms="37" status="PASS">
          <reporter-output>
          </reporter-output>
        </test-method> <!-- testlogin1 -->
        <test-method signature="testlogin2()[pri:0, instance:com.sdet.AppTest@50a638b5]" started-at="2021-07-09T21:04:05 PDT" name="testlogin2" finished-at="2021-07-09T21:04:05 PDT" duration-ms="1" status="PASS">
          <reporter-output>
          </reporter-output>
        </test-method> <!-- testlogin2 -->
      </class> <!-- com.sdet.AppTest -->
      <class name="com.sdet.TC_Login">
        <test-method signature="login_Test()[pri:0, instance:com.sdet.TC_Login@3d51f06e]" started-at="2021-07-09T21:04:05 PDT" name="login_Test" finished-at="2021-07-09T21:04:29 PDT" duration-ms="24205" status="PASS">
          <reporter-output>
          </reporter-output>
        </test-method> <!-- login_Test -->
      </class> <!-- com.sdet.TC_Login -->
    </test> <!-- Test -->
  </suite> <!-- Suite -->
</testng-results>
